<?xml version='1.0' encoding='UTF-8'?>
<!DOCTYPE coverage SYSTEM 'http://cobertura.sourceforge.net/xml/coverage-04.dtd'>
<coverage line-rate="1.0" branch-rate="1.0" lines-covered="159" lines-valid="159" branches-covered="51" branches-valid="51" complexity="0.0" timestamp="1734267689" version="gcovr 7.0"><sources><source>../..</source></sources><packages><package name="include.prox" line-rate="1.0" branch-rate="1.0" complexity="0.0"><classes><class name="digital_hpp" filename="include/prox/digital.hpp" line-rate="1.0" branch-rate="1.0" complexity="0.0"><methods/><lines><line number="249" hits="964" branch="false"/><line number="255" hits="964" branch="false"/><line number="312" hits="136" branch="false"/><line number="313" hits="272" branch="false"/><line number="314" hits="136" branch="false"/><line number="316" hits="136" branch="false"/><line number="323" hits="62" branch="false"/><line number="324" hits="62" branch="false"/><line number="331" hits="166" branch="false"/><line number="332" hits="332" branch="false"/><line number="333" hits="166" branch="false"/><line number="334" hits="166" branch="false"/><line number="341" hits="430" branch="false"/><line number="342" hits="860" branch="false"/><line number="343" hits="430" branch="false"/><line number="344" hits="430" branch="false"/><line number="381" hits="968" branch="false"/><line number="384" hits="174" branch="false"/><line number="388" hits="1076" branch="true" condition-coverage="100% (1/1)"><conditions><condition number="0" type="jump" coverage="100%"/></conditions></line><line number="398" hits="14" branch="false"/><line number="399" hits="4" branch="false"/><line number="400" hits="4" branch="false"/><line number="410" hits="2290" branch="false"/><line number="411" hits="2290" branch="false"/><line number="421" hits="156" branch="false"/><line number="422" hits="156" branch="true" condition-coverage="100% (1/1)"><conditions><condition number="0" type="jump" coverage="100%"/></conditions></line><line number="430" hits="2770" branch="false"/><line number="432" hits="12" branch="false"/><line number="434" hits="104" branch="false"/><line number="436" hits="6" branch="false"/><line number="437" hits="6" branch="false"/><line number="438" hits="6" branch="false"/><line number="441" hits="6" branch="false"/><line number="443" hits="6" branch="false"/><line number="444" hits="6" branch="false"/><line number="445" hits="6" branch="false"/><line number="448" hits="6" branch="false"/><line number="450" hits="3" branch="false"/><line number="451" hits="3" branch="false"/><line number="452" hits="3" branch="false"/><line number="455" hits="3" branch="false"/><line number="456" hits="3" branch="false"/><line number="457" hits="3" branch="false"/><line number="460" hits="8" branch="false"/><line number="461" hits="8" branch="false"/><line number="462" hits="8" branch="false"/><line number="465" hits="8" branch="false"/><line number="466" hits="8" branch="false"/><line number="467" hits="8" branch="false"/><line number="471" hits="4" branch="false"/><line number="472" hits="4" branch="false"/><line number="473" hits="4" branch="false"/><line number="477" hits="1" branch="false"/><line number="478" hits="1" branch="false"/><line number="479" hits="1" branch="false"/><line number="488" hits="354" branch="false"/><line number="494" hits="272" branch="true" condition-coverage="100% (2/2)"><conditions><condition number="0" type="jump" coverage="100%"/></conditions></line><line number="496" hits="82" branch="true" condition-coverage="100% (3/3)"><conditions><condition number="0" type="jump" coverage="100%"/></conditions></line><line number="501" hits="34" branch="false"/><line number="505" hits="34" branch="false"/><line number="509" hits="176" branch="false"/><line number="515" hits="64" branch="true" condition-coverage="100% (2/2)"><conditions><condition number="0" type="jump" coverage="100%"/></conditions></line><line number="517" hits="112" branch="true" condition-coverage="100% (3/3)"><conditions><condition number="0" type="jump" coverage="100%"/></conditions></line><line number="522" hits="18" branch="false"/><line number="526" hits="18" branch="false"/><line number="530" hits="74" branch="false"/><line number="534" hits="74" branch="false"/><line number="538" hits="24" branch="false"/><line number="542" hits="24" branch="false"/><line number="547" hits="58" branch="false"/><line number="550" hits="58" branch="true" condition-coverage="100% (2/2)"><conditions><condition number="0" type="jump" coverage="100%"/></conditions></line><line number="554" hits="114" branch="false"/><line number="557" hits="114" branch="true" condition-coverage="100% (3/3)"><conditions><condition number="0" type="jump" coverage="100%"/></conditions></line><line number="561" hits="12" branch="false"/><line number="566" hits="12" branch="false"/><line number="570" hits="6" branch="false"/><line number="574" hits="6" branch="false"/><line number="581" hits="6" branch="false"/><line number="583" hits="6" branch="true" condition-coverage="100% (1/1)"><conditions><condition number="0" type="jump" coverage="100%"/></conditions></line><line number="587" hits="6" branch="false"/><line number="590" hits="6" branch="true" condition-coverage="100% (2/2)"><conditions><condition number="0" type="jump" coverage="100%"/></conditions></line><line number="597" hits="4" branch="false"/><line number="599" hits="4" branch="false"/><line number="603" hits="4" branch="false"/><line number="608" hits="4" branch="true" condition-coverage="100% (1/1)"><conditions><condition number="0" type="jump" coverage="100%"/></conditions></line><line number="612" hits="5" branch="false"/><line number="613" hits="10" branch="true" condition-coverage="100% (5/5)"><conditions><condition number="0" type="jump" coverage="100%"/></conditions></line><line number="617" hits="29" branch="false"/><line number="619" hits="29" branch="true" condition-coverage="100% (1/1)"><conditions><condition number="0" type="jump" coverage="100%"/></conditions></line><line number="620" hits="58" branch="true" condition-coverage="100% (7/7)"><conditions><condition number="0" type="jump" coverage="100%"/></conditions></line><line number="624" hits="8" branch="false"/><line number="626" hits="8" branch="true" condition-coverage="100% (1/1)"><conditions><condition number="0" type="jump" coverage="100%"/></conditions></line><line number="627" hits="16" branch="true" condition-coverage="100% (7/7)"><conditions><condition number="0" type="jump" coverage="100%"/></conditions></line><line number="632" hits="21" branch="false"/><line number="636" hits="21" branch="true" condition-coverage="100% (1/1)"><conditions><condition number="0" type="jump" coverage="100%"/></conditions></line><line number="637" hits="21" branch="false"/><line number="638" hits="21" branch="true" condition-coverage="100% (1/1)"><conditions><condition number="0" type="jump" coverage="100%"/></conditions></line><line number="639" hits="21" branch="true" condition-coverage="100% (1/1)"><conditions><condition number="0" type="jump" coverage="100%"/></conditions></line><line number="640" hits="21" branch="true" condition-coverage="100% (2/2)"><conditions><condition number="0" type="jump" coverage="100%"/></conditions></line><line number="641" hits="6" branch="true" condition-coverage="100% (2/2)"><conditions><condition number="0" type="jump" coverage="100%"/></conditions></line><line number="642" hits="3" branch="false"/><line number="644" hits="3" branch="false"/><line number="645" hits="15" branch="true" condition-coverage="100% (2/2)"><conditions><condition number="0" type="jump" coverage="100%"/></conditions></line><line number="646" hits="9" branch="false"/><line number="648" hits="6" branch="false"/><line number="659" hits="304" branch="false"/><line number="660" hits="304" branch="false"/><line number="664" hits="128" branch="false"/><line number="665" hits="128" branch="false"/><line number="669" hits="46" branch="false"/><line number="670" hits="46" branch="false"/><line number="674" hits="36" branch="false"/><line number="675" hits="36" branch="false"/><line number="679" hits="32" branch="false"/><line number="680" hits="32" branch="false"/><line number="684" hits="28" branch="false"/><line number="685" hits="28" branch="false"/><line number="689" hits="28" branch="false"/><line number="690" hits="28" branch="false"/><line number="695" hits="132" branch="false"/><line number="696" hits="132" branch="false"/><line number="700" hits="52" branch="false"/><line number="701" hits="52" branch="false"/><line number="705" hits="36" branch="false"/><line number="706" hits="36" branch="false"/><line number="710" hits="32" branch="false"/><line number="711" hits="32" branch="false"/><line number="715" hits="44" branch="false"/><line number="716" hits="44" branch="false"/><line number="720" hits="66" branch="false"/><line number="721" hits="66" branch="false"/><line number="725" hits="5" branch="false"/><line number="726" hits="5" branch="false"/><line number="729" hits="3" branch="false"/><line number="730" hits="3" branch="false"/><line number="733" hits="7" branch="false"/><line number="734" hits="7" branch="false"/><line number="737" hits="1" branch="false"/><line number="738" hits="1" branch="false"/><line number="741" hits="2" branch="false"/><line number="742" hits="2" branch="false"/><line number="745" hits="3" branch="false"/><line number="746" hits="3" branch="false"/><line number="749" hits="1" branch="false"/><line number="750" hits="1" branch="false"/><line number="754" hits="17" branch="false"/><line number="755" hits="17" branch="false"/><line number="758" hits="2" branch="false"/><line number="759" hits="2" branch="false"/><line number="762" hits="1" branch="false"/><line number="763" hits="1" branch="false"/><line number="766" hits="2" branch="false"/><line number="767" hits="2" branch="false"/><line number="770" hits="2" branch="false"/><line number="771" hits="2" branch="false"/><line number="774" hits="1" branch="false"/><line number="775" hits="1" branch="false"/><line number="806" hits="3" branch="false"/><line number="807" hits="3" branch="false"/></lines></class></classes></package></packages></coverage>