<?xml version='1.0' encoding='UTF-8'?>
<!DOCTYPE coverage SYSTEM 'http://cobertura.sourceforge.net/xml/coverage-04.dtd'>
<coverage line-rate="1.0" branch-rate="1.0" lines-covered="136" lines-valid="136" branches-covered="20" branches-valid="20" complexity="0.0" timestamp="1734208714" version="gcovr 7.0"><sources><source>../..</source></sources><packages><package name="include.prox" line-rate="1.0" branch-rate="1.0" complexity="0.0"><classes><class name="digital_hpp" filename="include/prox/digital.hpp" line-rate="1.0" branch-rate="1.0" complexity="0.0"><methods/><lines><line number="249" hits="800" branch="false"/><line number="255" hits="800" branch="false"/><line number="312" hits="136" branch="false"/><line number="313" hits="272" branch="false"/><line number="314" hits="136" branch="false"/><line number="316" hits="136" branch="false"/><line number="323" hits="62" branch="false"/><line number="324" hits="62" branch="false"/><line number="331" hits="92" branch="false"/><line number="332" hits="184" branch="false"/><line number="333" hits="92" branch="false"/><line number="334" hits="92" branch="false"/><line number="341" hits="268" branch="false"/><line number="342" hits="536" branch="false"/><line number="343" hits="268" branch="false"/><line number="344" hits="268" branch="false"/><line number="381" hits="658" branch="false"/><line number="384" hits="100" branch="false"/><line number="388" hits="860" branch="true" condition-coverage="100% (1/1)"><conditions><condition number="0" type="jump" coverage="100%"/></conditions></line><line number="410" hits="1568" branch="false"/><line number="411" hits="1568" branch="false"/><line number="421" hits="72" branch="false"/><line number="422" hits="72" branch="true" condition-coverage="100% (1/1)"><conditions><condition number="0" type="jump" coverage="100%"/></conditions></line><line number="430" hits="1636" branch="false"/><line number="432" hits="12" branch="false"/><line number="434" hits="40" branch="false"/><line number="436" hits="6" branch="false"/><line number="437" hits="6" branch="false"/><line number="438" hits="6" branch="false"/><line number="441" hits="6" branch="false"/><line number="443" hits="6" branch="false"/><line number="444" hits="6" branch="false"/><line number="445" hits="6" branch="false"/><line number="448" hits="6" branch="false"/><line number="450" hits="3" branch="false"/><line number="451" hits="3" branch="false"/><line number="452" hits="3" branch="false"/><line number="455" hits="3" branch="false"/><line number="456" hits="3" branch="false"/><line number="457" hits="3" branch="false"/><line number="460" hits="8" branch="false"/><line number="461" hits="8" branch="false"/><line number="462" hits="8" branch="false"/><line number="465" hits="8" branch="false"/><line number="466" hits="8" branch="false"/><line number="467" hits="8" branch="false"/><line number="471" hits="4" branch="false"/><line number="472" hits="4" branch="false"/><line number="473" hits="4" branch="false"/><line number="477" hits="1" branch="false"/><line number="478" hits="1" branch="false"/><line number="479" hits="1" branch="false"/><line number="488" hits="216" branch="false"/><line number="494" hits="136" branch="true" condition-coverage="100% (2/2)"><conditions><condition number="0" type="jump" coverage="100%"/></conditions></line><line number="496" hits="80" branch="true" condition-coverage="100% (3/3)"><conditions><condition number="0" type="jump" coverage="100%"/></conditions></line><line number="501" hits="34" branch="false"/><line number="505" hits="34" branch="false"/><line number="509" hits="62" branch="false"/><line number="515" hits="24" branch="true" condition-coverage="100% (2/2)"><conditions><condition number="0" type="jump" coverage="100%"/></conditions></line><line number="517" hits="38" branch="true" condition-coverage="100% (3/3)"><conditions><condition number="0" type="jump" coverage="100%"/></conditions></line><line number="522" hits="18" branch="false"/><line number="526" hits="18" branch="false"/><line number="530" hits="16" branch="false"/><line number="534" hits="16" branch="false"/><line number="538" hits="14" branch="false"/><line number="542" hits="14" branch="false"/><line number="547" hits="10" branch="false"/><line number="550" hits="10" branch="true" condition-coverage="100% (2/2)"><conditions><condition number="0" type="jump" coverage="100%"/></conditions></line><line number="554" hits="10" branch="false"/><line number="557" hits="10" branch="true" condition-coverage="100% (2/2)"><conditions><condition number="0" type="jump" coverage="100%"/></conditions></line><line number="561" hits="12" branch="false"/><line number="566" hits="12" branch="false"/><line number="570" hits="6" branch="false"/><line number="574" hits="6" branch="false"/><line number="581" hits="6" branch="false"/><line number="583" hits="6" branch="true" condition-coverage="100% (1/1)"><conditions><condition number="0" type="jump" coverage="100%"/></conditions></line><line number="587" hits="6" branch="false"/><line number="590" hits="6" branch="true" condition-coverage="100% (2/2)"><conditions><condition number="0" type="jump" coverage="100%"/></conditions></line><line number="597" hits="4" branch="false"/><line number="599" hits="4" branch="false"/><line number="603" hits="4" branch="false"/><line number="608" hits="4" branch="true" condition-coverage="100% (1/1)"><conditions><condition number="0" type="jump" coverage="100%"/></conditions></line><line number="619" hits="232" branch="false"/><line number="620" hits="232" branch="false"/><line number="624" hits="54" branch="false"/><line number="625" hits="54" branch="false"/><line number="629" hits="46" branch="false"/><line number="630" hits="46" branch="false"/><line number="634" hits="36" branch="false"/><line number="635" hits="36" branch="false"/><line number="639" hits="32" branch="false"/><line number="640" hits="32" branch="false"/><line number="644" hits="28" branch="false"/><line number="645" hits="28" branch="false"/><line number="649" hits="28" branch="false"/><line number="650" hits="28" branch="false"/><line number="655" hits="136" branch="false"/><line number="656" hits="136" branch="false"/><line number="660" hits="52" branch="false"/><line number="661" hits="52" branch="false"/><line number="665" hits="36" branch="false"/><line number="666" hits="36" branch="false"/><line number="670" hits="30" branch="false"/><line number="671" hits="30" branch="false"/><line number="675" hits="44" branch="false"/><line number="676" hits="44" branch="false"/><line number="680" hits="46" branch="false"/><line number="681" hits="46" branch="false"/><line number="685" hits="5" branch="false"/><line number="686" hits="5" branch="false"/><line number="689" hits="3" branch="false"/><line number="690" hits="3" branch="false"/><line number="693" hits="4" branch="false"/><line number="694" hits="4" branch="false"/><line number="697" hits="1" branch="false"/><line number="698" hits="1" branch="false"/><line number="701" hits="2" branch="false"/><line number="702" hits="2" branch="false"/><line number="705" hits="3" branch="false"/><line number="706" hits="3" branch="false"/><line number="709" hits="1" branch="false"/><line number="710" hits="1" branch="false"/><line number="714" hits="17" branch="false"/><line number="715" hits="17" branch="false"/><line number="718" hits="1" branch="false"/><line number="719" hits="1" branch="false"/><line number="722" hits="1" branch="false"/><line number="723" hits="1" branch="false"/><line number="726" hits="2" branch="false"/><line number="727" hits="2" branch="false"/><line number="730" hits="2" branch="false"/><line number="731" hits="2" branch="false"/><line number="734" hits="1" branch="false"/><line number="735" hits="1" branch="false"/><line number="766" hits="6" branch="false"/><line number="767" hits="6" branch="false"/></lines></class></classes></package></packages></coverage>